<?xml version="1.0" encoding="UTF-8"?>
<!-- Generated by org.testng.reporters.JUnitReportReporter -->
<testsuite skipped="0" hostname="Infva06017" name="Day1.BasicAuthentication" tests="1" failures="0" timestamp="23 Sep 2019 22:44:09 GMT" time="1.582" errors="0">
  <testcase name="PreemptiveAuthentication" time="1.582" classname="Day1.BasicAuthentication"/>
</testsuite> <!-- Day1.BasicAuthentication -->
